2024-06-20 12:09:26,601 - INFO - Config loaded: {'minimum_chests': 45, 'delay': 0.2, 'start_keybind': 'F2', 'kill_keybind': 'F3'}
2024-06-20 12:09:26,602 - INFO - Regions loaded: {'regions': {'quest1': [930, 352, 1084, 392], 'quest2': [941, 447, 1082, 489], 'quest3': [945, 544, 1085, 589]}, 'buttons': {'reroll1': [802, 395], 'reroll2': [802, 492], 'reroll3': [796, 589]}}
2024-06-20 12:09:27,603 - INFO -  > niepogoda's reroll script < 
2024-06-20 12:09:27,604 - INFO - Script loaded! Press F2 to start rerolling. Press F3 to exit.
2024-06-20 12:09:33,190 - INFO - Successfully read quest 1 content: [32] Artifact Chest.
[56] Diamond Chest

2024-06-20 12:09:33,190 - INFO - Filtered result for quest 1: ['32']
2024-06-20 12:09:33,191 - INFO - Found 32 artifact chests in quest 1
2024-06-20 12:09:33,497 - INFO - Rerolling chest 1... Waiting for contents to refresh...
2024-06-20 12:09:34,085 - INFO - Successfully read quest 1 content: [88] Diamond Chest

2024-06-20 12:09:34,086 - INFO - Filtered result for quest 1: ['0']
2024-06-20 12:09:34,086 - INFO - Found 0 artifact chests in quest 1
2024-06-20 12:09:34,398 - INFO - Rerolling chest 1... Waiting for contents to refresh...
2024-06-20 12:09:35,024 - INFO - Successfully read quest 1 content: [27] Artifact Chest.
[62] Diamond Chest

2024-06-20 12:09:35,025 - INFO - Filtered result for quest 1: ['27']
2024-06-20 12:09:35,025 - INFO - Found 27 artifact chests in quest 1
2024-06-20 12:09:35,329 - INFO - Rerolling chest 1... Waiting for contents to refresh...
2024-06-20 12:09:35,931 - INFO - Successfully read quest 1 content: [88] Diamond Chest

2024-06-20 12:09:35,931 - INFO - Filtered result for quest 1: ['0']
2024-06-20 12:09:35,932 - INFO - Found 0 artifact chests in quest 1
2024-06-20 12:09:36,239 - INFO - Rerolling chest 1... Waiting for contents to refresh...
2024-06-20 12:09:36,848 - INFO - Successfully read quest 1 content: [88] Diamond Chest

2024-06-20 12:09:36,849 - INFO - Filtered result for quest 1: ['0']
2024-06-20 12:09:36,850 - INFO - Found 0 artifact chests in quest 1
2024-06-20 12:09:37,157 - INFO - Rerolling chest 1... Waiting for contents to refresh...
2024-06-20 12:09:37,733 - INFO - Successfully read quest 1 content: [88] Diamond Chest

2024-06-20 12:09:37,733 - INFO - Filtered result for quest 1: ['0']
2024-06-20 12:09:37,734 - INFO - Found 0 artifact chests in quest 1
2024-06-20 12:09:38,039 - INFO - Rerolling chest 1... Waiting for contents to refresh...
2024-06-20 12:09:38,659 - INFO - Successfully read quest 1 content: [88] Diamond Chest

2024-06-20 12:09:38,659 - INFO - Filtered result for quest 1: ['0']
2024-06-20 12:09:38,660 - INFO - Found 0 artifact chests in quest 1
2024-06-20 12:09:38,972 - INFO - Rerolling chest 1... Waiting for contents to refresh...
2024-06-20 12:09:39,572 - INFO - Successfully read quest 1 content: [88] Diamond Chest

2024-06-20 12:09:39,573 - INFO - Filtered result for quest 1: ['0']
2024-06-20 12:09:39,574 - INFO - Found 0 artifact chests in quest 1
2024-06-20 12:09:39,881 - INFO - Rerolling chest 1... Waiting for contents to refresh...
2024-06-20 12:09:40,488 - INFO - Successfully read quest 1 content: [88] Diamond Chest

2024-06-20 12:09:40,488 - INFO - Filtered result for quest 1: ['0']
2024-06-20 12:09:40,490 - INFO - Found 0 artifact chests in quest 1
2024-06-20 12:09:40,798 - INFO - Rerolling chest 1... Waiting for contents to refresh...
2024-06-20 12:09:41,411 - INFO - Successfully read quest 1 content: [30] Artifact Chest.
[58] Diamond Chest

2024-06-20 12:09:41,411 - INFO - Filtered result for quest 1: ['30']
2024-06-20 12:09:41,414 - INFO - Found 30 artifact chests in quest 1
2024-06-20 12:09:41,723 - INFO - Rerolling chest 1... Waiting for contents to refresh...
2024-06-20 12:09:42,300 - INFO - Successfully read quest 1 content: [88] Diamond Chest

2024-06-20 12:09:42,301 - INFO - Filtered result for quest 1: ['0']
2024-06-20 12:09:42,302 - INFO - Found 0 artifact chests in quest 1
2024-06-20 12:09:42,615 - INFO - Rerolling chest 1... Waiting for contents to refresh...
2024-06-20 12:09:43,212 - INFO - Successfully read quest 1 content: [88] Diamond Chest

2024-06-20 12:09:43,212 - INFO - Filtered result for quest 1: ['0']
2024-06-20 12:09:43,214 - INFO - Found 0 artifact chests in quest 1
2024-06-20 12:09:43,524 - INFO - Rerolling chest 1... Waiting for contents to refresh...
2024-06-20 12:09:44,108 - INFO - Successfully read quest 1 content: [88] Diamond Chest

2024-06-20 12:09:44,109 - INFO - Filtered result for quest 1: ['0']
2024-06-20 12:09:44,110 - INFO - Found 0 artifact chests in quest 1
2024-06-20 12:09:44,415 - INFO - Rerolling chest 1... Waiting for contents to refresh...
2024-06-20 12:09:44,996 - INFO - Successfully read quest 1 content: [88] Diamond Chest

2024-06-20 12:09:44,996 - INFO - Filtered result for quest 1: ['0']
2024-06-20 12:09:44,998 - INFO - Found 0 artifact chests in quest 1
2024-06-20 12:09:45,306 - INFO - Rerolling chest 1... Waiting for contents to refresh...
2024-06-20 12:09:45,901 - INFO - Successfully read quest 1 content: [88] Diamond Chest

2024-06-20 12:09:45,901 - INFO - Filtered result for quest 1: ['0']
2024-06-20 12:09:45,903 - INFO - Found 0 artifact chests in quest 1
2024-06-20 12:09:46,217 - INFO - Rerolling chest 1... Waiting for contents to refresh...
2024-06-20 12:09:46,804 - INFO - Successfully read quest 1 content: [88] Diamond Chest

2024-06-20 12:09:46,804 - INFO - Filtered result for quest 1: ['0']
2024-06-20 12:09:46,806 - INFO - Found 0 artifact chests in quest 1
2024-06-20 12:09:47,114 - INFO - Rerolling chest 1... Waiting for contents to refresh...
2024-06-20 12:09:47,733 - INFO - Successfully read quest 1 content: [30] Artifact Chest.
[58] Diamond Chest

2024-06-20 12:09:47,734 - INFO - Filtered result for quest 1: ['30']
2024-06-20 12:09:47,736 - INFO - Found 30 artifact chests in quest 1
2024-06-20 12:09:48,041 - INFO - Rerolling chest 1... Waiting for contents to refresh...
2024-06-20 12:09:48,675 - INFO - Successfully read quest 1 content: [14] Artifact Chest.
[74] Diamond Chest

2024-06-20 12:09:48,676 - INFO - Filtered result for quest 1: ['14']
2024-06-20 12:09:48,677 - INFO - Found 14 artifact chests in quest 1
2024-06-20 12:09:48,982 - INFO - Rerolling chest 1... Waiting for contents to refresh...
2024-06-20 12:09:49,579 - INFO - Successfully read quest 1 content: [88] Diamond Chest

2024-06-20 12:09:49,580 - INFO - Filtered result for quest 1: ['0']
2024-06-20 12:09:49,581 - INFO - Found 0 artifact chests in quest 1
2024-06-20 12:09:49,891 - INFO - Rerolling chest 1... Waiting for contents to refresh...
2024-06-20 12:09:50,493 - INFO - Successfully read quest 1 content: [30] Artifact Chest.
[58] Diamond Chest

2024-06-20 12:09:50,494 - INFO - Filtered result for quest 1: ['30']
2024-06-20 12:09:50,495 - INFO - Found 30 artifact chests in quest 1
2024-06-20 12:09:50,800 - INFO - Rerolling chest 1... Waiting for contents to refresh...
2024-06-20 12:09:51,387 - INFO - Successfully read quest 1 content: [88] Diamond Chest

2024-06-20 12:09:51,388 - INFO - Filtered result for quest 1: ['0']
2024-06-20 12:09:51,390 - INFO - Found 0 artifact chests in quest 1
2024-06-20 12:09:51,699 - INFO - Rerolling chest 1... Waiting for contents to refresh...
2024-06-20 12:09:52,293 - INFO - Successfully read quest 1 content: [88] Diamond Chest

2024-06-20 12:09:52,293 - INFO - Filtered result for quest 1: ['0']
2024-06-20 12:09:52,295 - INFO - Found 0 artifact chests in quest 1
2024-06-20 12:09:52,608 - INFO - Rerolling chest 1... Waiting for contents to refresh...
2024-06-20 12:09:53,197 - INFO - Successfully read quest 1 content: [88] Diamond Chest

2024-06-20 12:09:53,197 - INFO - Filtered result for quest 1: ['0']
2024-06-20 12:09:53,199 - INFO - Found 0 artifact chests in quest 1
2024-06-20 12:09:53,508 - INFO - Rerolling chest 1... Waiting for contents to refresh...
2024-06-20 12:09:54,102 - INFO - Successfully read quest 1 content: [88] Diamond Chest

2024-06-20 12:09:54,102 - INFO - Filtered result for quest 1: ['0']
2024-06-20 12:09:54,104 - INFO - Found 0 artifact chests in quest 1
2024-06-20 12:09:54,416 - INFO - Rerolling chest 1... Waiting for contents to refresh...
2024-06-20 12:09:55,015 - INFO - Successfully read quest 1 content: [88] Diamond Chest

2024-06-20 12:09:55,015 - INFO - Filtered result for quest 1: ['0']
2024-06-20 12:09:55,017 - INFO - Found 0 artifact chests in quest 1
2024-06-20 12:09:55,325 - INFO - Rerolling chest 1... Waiting for contents to refresh...
2024-06-20 12:09:55,916 - INFO - Successfully read quest 1 content: [88] Diamond Chest

2024-06-20 12:09:55,917 - INFO - Filtered result for quest 1: ['0']
2024-06-20 12:09:55,919 - INFO - Found 0 artifact chests in quest 1
2024-06-20 12:09:56,226 - INFO - Rerolling chest 1... Waiting for contents to refresh...
2024-06-20 12:09:56,822 - INFO - Successfully read quest 1 content: [88] Diamond Chest

2024-06-20 12:09:56,822 - INFO - Filtered result for quest 1: ['0']
2024-06-20 12:09:56,824 - INFO - Found 0 artifact chests in quest 1
2024-06-20 12:09:57,134 - INFO - Rerolling chest 1... Waiting for contents to refresh...
2024-06-20 12:09:57,727 - INFO - Successfully read quest 1 content: [88] Diamond Chest

2024-06-20 12:09:57,728 - INFO - Filtered result for quest 1: ['0']
2024-06-20 12:09:57,729 - INFO - Found 0 artifact chests in quest 1
2024-06-20 12:09:58,034 - INFO - Rerolling chest 1... Waiting for contents to refresh...
2024-06-20 12:09:58,653 - INFO - Successfully read quest 1 content: [58] Artifact Chest.
[30] Diamond Chest

2024-06-20 12:09:58,653 - INFO - Filtered result for quest 1: ['58']
2024-06-20 12:09:58,655 - INFO - Found 58 artifact chests in quest 1
2024-06-20 12:09:58,655 - INFO - Quest 1 has enough artifact chests: 58
2024-06-20 12:09:59,075 - INFO - Successfully read quest 2 content: [42] Artifact Chest
[46] Diamond Chest

2024-06-20 12:09:59,075 - INFO - Filtered result for quest 2: ['42']
2024-06-20 12:09:59,077 - INFO - Found 42 artifact chests in quest 2
2024-06-20 12:09:59,385 - INFO - Rerolling chest 2... Waiting for contents to refresh...
2024-06-20 12:09:59,992 - INFO - Successfully read quest 2 content: [51] Artifact Chest
[37] Diamond Chest

2024-06-20 12:09:59,992 - INFO - Filtered result for quest 2: ['51']
2024-06-20 12:09:59,993 - INFO - Found 51 artifact chests in quest 2
2024-06-20 12:09:59,994 - INFO - Quest 2 has enough artifact chests: 51
2024-06-20 12:10:00,448 - INFO - Successfully read quest 3 content: [20] Artifact Chest
[69] Diamond Chest

2024-06-20 12:10:00,448 - INFO - Filtered result for quest 3: ['20']
2024-06-20 12:10:00,450 - INFO - Found 20 artifact chests in quest 3
2024-06-20 12:10:00,759 - INFO - Rerolling chest 3... Waiting for contents to refresh...
2024-06-20 12:10:01,349 - INFO - Successfully read quest 3 content: [88] Diamond Chest

2024-06-20 12:10:01,349 - INFO - Filtered result for quest 3: ['0']
2024-06-20 12:10:01,352 - INFO - Found 0 artifact chests in quest 3
2024-06-20 12:10:01,659 - INFO - Rerolling chest 3... Waiting for contents to refresh...
2024-06-20 12:10:02,260 - INFO - Successfully read quest 3 content: [88] Diamond Chest

2024-06-20 12:10:02,260 - INFO - Filtered result for quest 3: ['0']
2024-06-20 12:10:02,262 - INFO - Found 0 artifact chests in quest 3
2024-06-20 12:10:02,568 - INFO - Rerolling chest 3... Waiting for contents to refresh...
2024-06-20 12:10:03,145 - INFO - Successfully read quest 3 content: [88] Diamond Chest

2024-06-20 12:10:03,145 - INFO - Filtered result for quest 3: ['0']
2024-06-20 12:10:03,147 - INFO - Found 0 artifact chests in quest 3
2024-06-20 12:10:03,460 - INFO - Rerolling chest 3... Waiting for contents to refresh...
2024-06-20 12:10:04,037 - INFO - Successfully read quest 3 content: [88] Diamond Chest

2024-06-20 12:10:04,037 - INFO - Filtered result for quest 3: ['0']
2024-06-20 12:10:04,038 - INFO - Found 0 artifact chests in quest 3
2024-06-20 12:10:04,343 - INFO - Rerolling chest 3... Waiting for contents to refresh...
2024-06-20 12:10:04,966 - INFO - Successfully read quest 3 content: [28] Artifact Chest
[60] Diamond Chest

2024-06-20 12:10:04,966 - INFO - Filtered result for quest 3: ['28']
2024-06-20 12:10:04,968 - INFO - Found 28 artifact chests in quest 3
2024-06-20 12:10:05,277 - INFO - Rerolling chest 3... Waiting for contents to refresh...
2024-06-20 12:10:05,857 - INFO - Successfully read quest 3 content: [88] Diamond Chest

2024-06-20 12:10:05,857 - INFO - Filtered result for quest 3: ['0']
2024-06-20 12:10:05,858 - INFO - Found 0 artifact chests in quest 3
2024-06-20 12:10:06,167 - INFO - Rerolling chest 3... Waiting for contents to refresh...
2024-06-20 12:10:06,762 - INFO - Successfully read quest 3 content: [88] Diamond Chest

2024-06-20 12:10:06,763 - INFO - Filtered result for quest 3: ['0']
2024-06-20 12:10:06,764 - INFO - Found 0 artifact chests in quest 3
2024-06-20 12:10:07,077 - INFO - Rerolling chest 3... Waiting for contents to refresh...
2024-06-20 12:10:07,676 - INFO - Successfully read quest 3 content: [88] Diamond Chest

2024-06-20 12:10:07,677 - INFO - Filtered result for quest 3: ['0']
2024-06-20 12:10:07,678 - INFO - Found 0 artifact chests in quest 3
2024-06-20 12:10:07,985 - INFO - Rerolling chest 3... Waiting for contents to refresh...
2024-06-20 12:10:08,594 - INFO - Successfully read quest 3 content: [88] Diamond Chest

2024-06-20 12:10:08,595 - INFO - Filtered result for quest 3: ['0']
2024-06-20 12:10:08,596 - INFO - Found 0 artifact chests in quest 3
2024-06-20 12:10:08,902 - INFO - Rerolling chest 3... Waiting for contents to refresh...
2024-06-20 12:10:09,506 - INFO - Successfully read quest 3 content: [25] Artifact Chest
[63] Diamond Chest

2024-06-20 12:10:09,506 - INFO - Filtered result for quest 3: ['25']
2024-06-20 12:10:09,507 - INFO - Found 25 artifact chests in quest 3
2024-06-20 12:10:09,818 - INFO - Rerolling chest 3... Waiting for contents to refresh...
2024-06-20 12:10:10,416 - INFO - Successfully read quest 3 content: [20] Artifact Chest
[69] Diamond Chest

2024-06-20 12:10:10,416 - INFO - Filtered result for quest 3: ['20']
2024-06-20 12:10:10,417 - INFO - Found 20 artifact chests in quest 3
2024-06-20 12:10:10,727 - INFO - Rerolling chest 3... Waiting for contents to refresh...
2024-06-20 12:10:11,332 - INFO - Successfully read quest 3 content: [88] Diamond Chest

2024-06-20 12:10:11,332 - INFO - Filtered result for quest 3: ['0']
2024-06-20 12:10:11,334 - INFO - Found 0 artifact chests in quest 3
2024-06-20 12:10:11,644 - INFO - Rerolling chest 3... Waiting for contents to refresh...
2024-06-20 12:10:12,261 - INFO - Successfully read quest 3 content: [88] Diamond Chest

2024-06-20 12:10:12,261 - INFO - Filtered result for quest 3: ['0']
2024-06-20 12:10:12,262 - INFO - Found 0 artifact chests in quest 3
2024-06-20 12:10:12,570 - INFO - Rerolling chest 3... Waiting for contents to refresh...
2024-06-20 12:10:13,157 - INFO - Successfully read quest 3 content: [18] Artifact Chest
[70] Diamond Chest

2024-06-20 12:10:13,157 - INFO - Filtered result for quest 3: ['18']
2024-06-20 12:10:13,159 - INFO - Found 18 artifact chests in quest 3
2024-06-20 12:10:13,469 - INFO - Rerolling chest 3... Waiting for contents to refresh...
2024-06-20 12:10:14,064 - INFO - Successfully read quest 3 content: [16] Artifact Chest
[72] Diamond Chest

2024-06-20 12:10:14,064 - INFO - Filtered result for quest 3: ['16']
2024-06-20 12:10:14,066 - INFO - Found 16 artifact chests in quest 3
2024-06-20 12:10:14,378 - INFO - Rerolling chest 3... Waiting for contents to refresh...
2024-06-20 12:10:14,971 - INFO - Successfully read quest 3 content: [88] Diamond Chest

2024-06-20 12:10:14,972 - INFO - Filtered result for quest 3: ['0']
2024-06-20 12:10:14,973 - INFO - Found 0 artifact chests in quest 3
2024-06-20 12:10:15,286 - INFO - Rerolling chest 3... Waiting for contents to refresh...
2024-06-20 12:10:15,904 - INFO - Successfully read quest 3 content: [14] Artifact Chest
[74] Diamond Chest

2024-06-20 12:10:15,904 - INFO - Filtered result for quest 3: ['14']
2024-06-20 12:10:15,906 - INFO - Found 14 artifact chests in quest 3
2024-06-20 12:10:16,212 - INFO - Rerolling chest 3... Waiting for contents to refresh...
2024-06-20 12:10:16,801 - INFO - Successfully read quest 3 content: [88] Diamond Chest

2024-06-20 12:10:16,801 - INFO - Filtered result for quest 3: ['0']
2024-06-20 12:10:16,804 - INFO - Found 0 artifact chests in quest 3
2024-06-20 12:10:17,111 - INFO - Rerolling chest 3... Waiting for contents to refresh...
2024-06-20 12:10:17,719 - INFO - Successfully read quest 3 content: [23] Artifact Chest
[65] Diamond Chest

2024-06-20 12:10:17,720 - INFO - Filtered result for quest 3: ['23']
2024-06-20 12:10:17,722 - INFO - Found 23 artifact chests in quest 3
2024-06-20 12:10:18,028 - INFO - Rerolling chest 3... Waiting for contents to refresh...
2024-06-20 12:10:18,616 - INFO - Successfully read quest 3 content: [18] Artifact Chest
[70] Diamond Chest

2024-06-20 12:10:18,616 - INFO - Filtered result for quest 3: ['18']
2024-06-20 12:10:18,618 - INFO - Found 18 artifact chests in quest 3
2024-06-20 12:10:18,928 - INFO - Rerolling chest 3... Waiting for contents to refresh...
2024-06-20 12:10:19,505 - INFO - Successfully read quest 3 content: [88] Diamond Chest

2024-06-20 12:10:19,505 - INFO - Filtered result for quest 3: ['0']
2024-06-20 12:10:19,507 - INFO - Found 0 artifact chests in quest 3
2024-06-20 12:10:19,812 - INFO - Rerolling chest 3... Waiting for contents to refresh...
2024-06-20 12:10:20,398 - INFO - Successfully read quest 3 content: [88] Diamond Chest

2024-06-20 12:10:20,398 - INFO - Filtered result for quest 3: ['0']
2024-06-20 12:10:20,399 - INFO - Found 0 artifact chests in quest 3
2024-06-20 12:10:20,712 - INFO - Rerolling chest 3... Waiting for contents to refresh...
2024-06-20 12:10:21,305 - INFO - Successfully read quest 3 content: [88] Diamond Chest

2024-06-20 12:10:21,306 - INFO - Filtered result for quest 3: ['0']
2024-06-20 12:10:21,307 - INFO - Found 0 artifact chests in quest 3
2024-06-20 12:10:21,611 - INFO - Rerolling chest 3... Waiting for contents to refresh...
2024-06-20 12:10:22,209 - INFO - Successfully read quest 3 content: [88] Diamond Chest

2024-06-20 12:10:22,209 - INFO - Filtered result for quest 3: ['0']
2024-06-20 12:10:22,211 - INFO - Found 0 artifact chests in quest 3
2024-06-20 12:10:22,519 - INFO - Rerolling chest 3... Waiting for contents to refresh...
2024-06-20 12:10:23,096 - INFO - Successfully read quest 3 content: [88] Diamond Chest

2024-06-20 12:10:23,097 - INFO - Filtered result for quest 3: ['0']
2024-06-20 12:10:23,099 - INFO - Found 0 artifact chests in quest 3
2024-06-20 12:10:23,404 - INFO - Rerolling chest 3... Waiting for contents to refresh...
2024-06-20 12:10:23,989 - INFO - Successfully read quest 3 content: [88] Diamond Chest

2024-06-20 12:10:23,990 - INFO - Filtered result for quest 3: ['0']
2024-06-20 12:10:23,991 - INFO - Found 0 artifact chests in quest 3
2024-06-20 12:10:24,304 - INFO - Rerolling chest 3... Waiting for contents to refresh...
2024-06-20 12:10:24,879 - INFO - Successfully read quest 3 content: [88] Diamond Chest

2024-06-20 12:10:24,880 - INFO - Filtered result for quest 3: ['0']
2024-06-20 12:10:24,882 - INFO - Found 0 artifact chests in quest 3
2024-06-20 12:10:25,188 - INFO - Rerolling chest 3... Waiting for contents to refresh...
2024-06-20 12:10:25,770 - INFO - Successfully read quest 3 content: [88] Diamond Chest

2024-06-20 12:10:25,770 - INFO - Filtered result for quest 3: ['0']
2024-06-20 12:10:25,771 - INFO - Found 0 artifact chests in quest 3
2024-06-20 12:10:26,081 - INFO - Rerolling chest 3... Waiting for contents to refresh...
2024-06-20 12:10:26,670 - INFO - Successfully read quest 3 content: [88] Diamond Chest

2024-06-20 12:10:26,670 - INFO - Filtered result for quest 3: ['0']
2024-06-20 12:10:26,672 - INFO - Found 0 artifact chests in quest 3
2024-06-20 12:10:26,980 - INFO - Rerolling chest 3... Waiting for contents to refresh...
2024-06-20 12:10:27,557 - INFO - Successfully read quest 3 content: [88] Diamond Chest

2024-06-20 12:10:27,558 - INFO - Filtered result for quest 3: ['0']
2024-06-20 12:10:27,559 - INFO - Found 0 artifact chests in quest 3
2024-06-20 12:10:27,872 - INFO - Rerolling chest 3... Waiting for contents to refresh...
2024-06-20 12:10:28,449 - INFO - Successfully read quest 3 content: [88] Diamond Chest

2024-06-20 12:10:28,449 - INFO - Filtered result for quest 3: ['0']
2024-06-20 12:10:28,451 - INFO - Found 0 artifact chests in quest 3
2024-06-20 12:10:28,765 - INFO - Rerolling chest 3... Waiting for contents to refresh...
2024-06-20 12:10:29,368 - INFO - Successfully read quest 3 content: [20] Artifact Chest
[69] Diamond Chest

2024-06-20 12:10:29,369 - INFO - Filtered result for quest 3: ['20']
2024-06-20 12:10:29,370 - INFO - Found 20 artifact chests in quest 3
2024-06-20 12:10:29,681 - INFO - Rerolling chest 3... Waiting for contents to refresh...
2024-06-20 12:10:30,263 - INFO - Successfully read quest 3 content: [88] Diamond Chest

2024-06-20 12:10:30,264 - INFO - Filtered result for quest 3: ['0']
2024-06-20 12:10:30,266 - INFO - Found 0 artifact chests in quest 3
2024-06-20 12:10:30,572 - INFO - Rerolling chest 3... Waiting for contents to refresh...
2024-06-20 12:10:31,141 - INFO - Successfully read quest 3 content: [88] Diamond Chest

2024-06-20 12:10:31,141 - INFO - Filtered result for quest 3: ['0']
2024-06-20 12:10:31,142 - INFO - Found 0 artifact chests in quest 3
2024-06-20 12:10:31,454 - INFO - Rerolling chest 3... Waiting for contents to refresh...
2024-06-20 12:10:32,047 - INFO - Successfully read quest 3 content: [23] Artifact Chest
[65] Diamond Chest

2024-06-20 12:10:32,048 - INFO - Filtered result for quest 3: ['23']
2024-06-20 12:10:32,049 - INFO - Found 23 artifact chests in quest 3
2024-06-20 12:10:32,356 - INFO - Rerolling chest 3... Waiting for contents to refresh...
2024-06-20 12:10:32,968 - INFO - Successfully read quest 3 content: [30] Artifact Chest
[58] Diamond Chest

2024-06-20 12:10:32,969 - INFO - Filtered result for quest 3: ['30']
2024-06-20 12:10:32,970 - INFO - Found 30 artifact chests in quest 3
2024-06-20 12:10:33,279 - INFO - Rerolling chest 3... Waiting for contents to refresh...
2024-06-20 12:10:33,845 - INFO - Successfully read quest 3 content: [88] Diamond Chest

2024-06-20 12:10:33,845 - INFO - Filtered result for quest 3: ['0']
2024-06-20 12:10:33,847 - INFO - Found 0 artifact chests in quest 3
2024-06-20 12:10:34,155 - INFO - Rerolling chest 3... Waiting for contents to refresh...
2024-06-20 12:10:34,773 - INFO - Successfully read quest 3 content: [51] Artifact Chest
[37] Diamond Chest

2024-06-20 12:10:34,773 - INFO - Filtered result for quest 3: ['51']
2024-06-20 12:10:34,775 - INFO - Found 51 artifact chests in quest 3
2024-06-20 12:10:34,775 - INFO - Quest 3 has enough artifact chests: 51
